Invalid character ($) encountered while parsing (tag "?PHP" with attributes). 
Invalid quoted string '>' encountered while parsing (tag "A" with attributes href=javascript:popp('images/photo/). 
Invalid number "0" encountered while parsing (tag "A" with attributes href=javascript:popp('images/photo/). 
Invalid character ($) encountered while parsing (tag "?PHP" with attributes). 
Invalid character ($) encountered while parsing (tag "?PHP" with attributes). 
Invalid character ($) encountered while parsing (tag "?PHP" with attributes). 
Invalid character ($) encountered while parsing (tag "?PHP" with attributes). 
Invalid character ($) encountered while parsing (tag "?PHP" with attributes). 
Invalid character ($) encountered while parsing (tag "?PHP" with attributes). 
Invalid character ($) encountered while parsing (tag "?PHP" with attributes). 
Invalid character ($) encountered while parsing (tag "?PHP" with attributes). 
Invalid character ($) encountered while parsing (tag "?PHP" with attributes). 
Invalid character ($) encountered while parsing (tag "?PHP" with attributes). 
Invalid character ($) encountered while parsing (tag "?PHP" with attributes). 
Invalid quoted string 'images/photo/halloween/' encountered while parsing (tag "A" with attributes href= . ). 
Invalid quoted string 'images/photo/halloween/' encountered while parsing (tag "A" with attributes href= . ). 
Invalid number "0" encountered while parsing (tag "IMG" with attributes src=images/photo/halloween/). 
Invalid number "0" encountered while parsing (tag "IMG" with attributes src=images/photo/halloween/). 
End of file encountered while parsing (tag "A" with attributes href=javascript:popp(">). 
End of file encountered while parsing (tag "A" with attributes href=javascript:popp(" .>). 
Invalid number "0" encountered while parsing (tag "A" with attributes href=javascript:popp(). 
Invalid number "0" encountered while parsing (tag "A" with attributes href=javascript:popp(). 
Invalid character ($) encountered while parsing (tag "?PHP" with attributes). 
Invalid character ($) encountered while parsing (tag "?PHP" with attributes). 
Invalid character ($) encountered while parsing (tag "?PHP" with attributes). 
Invalid character ($) encountered while parsing (tag "?PHP" with attributes). 
Invalid character ($) encountered while parsing (tag "?PHP" with attributes). 
Invalid character ($) encountered while parsing (tag "?PHP" with attributes). 
Invalid character ($) encountered while parsing (tag "?PHP" with attributes). 
End of file encountered while parsing (tag "IMG" with attributes src=$filename width=120 height=90 alt= class=">). 
End of file encountered while parsing (tag "IMG" with attributes src=$filename width=120 height=90 alt= class=">). 
End of file encountered while parsing (tag "IMG" with attributes src=$filename width=120 height=90 alt= class=" .>). 
End of file encountered while parsing (tag "IMG" with attributes src=$filename width=120 height=90 alt= class=" . $class>). 
End of file encountered while parsing (tag "IMG" with attributes src=$filename width=120 height=90 alt= class=" . $class .>). 
Invalid character ($) encountered while parsing (tag "?PHP" with attributes). 
Invalid character ($) encountered while parsing (tag "?PHP" with attributes). 
Invalid character ($) encountered while parsing (tag "?PHP" with attributes). 
Invalid character ($) encountered while parsing (tag "?PHP" with attributes). 
Invalid character ($) encountered while parsing (tag "?" with attributes). 
Invalid character ($) encountered while parsing (tag "?" with attributes). 
Invalid character ($) encountered while parsing (tag "?" with attributes). 
Invalid character ($) encountered while parsing (tag "?" with attributes). 
Invalid character ($) encountered while parsing (tag "?" with attributes). 
