2004.11.06 11:19 B F:\Inetpub\wwwroot\MySite\base.css --> laboterm.com /public_html/ZHANNA/MySite base.css
2004.11.06 11:19 B F:\Inetpub\wwwroot\MySite\button1.swf --> laboterm.com /public_html/ZHANNA/MySite button1.swf
2004.11.06 11:19 B F:\Inetpub\wwwroot\MySite\button2.swf --> laboterm.com /public_html/ZHANNA/MySite button2.swf
2004.11.06 11:19 B F:\Inetpub\wwwroot\MySite\button3.swf --> laboterm.com /public_html/ZHANNA/MySite button3.swf
2004.11.06 11:19 B F:\Inetpub\wwwroot\MySite\button4.swf --> laboterm.com /public_html/ZHANNA/MySite button4.swf
2004.11.06 11:19 B F:\Inetpub\wwwroot\MySite\contact.php --> laboterm.com /public_html/ZHANNA/MySite contact.php
2004.11.06 11:19 B F:\Inetpub\wwwroot\MySite\Copy of resume.xsl --> laboterm.com /public_html/ZHANNA/MySite Copy of resume.xsl
2004.11.06 11:19 B F:\Inetpub\wwwroot\MySite\details.php --> laboterm.com /public_html/ZHANNA/MySite details.php
2004.11.06 11:19 B F:\Inetpub\wwwroot\MySite\education.php --> laboterm.com /public_html/ZHANNA/MySite education.php
2004.11.06 11:19 B F:\Inetpub\wwwroot\MySite\gd.php --> laboterm.com /public_html/ZHANNA/MySite gd.php
2004.11.06 11:19 B F:\Inetpub\wwwroot\MySite\index.php --> laboterm.com /public_html/ZHANNA/MySite index.php
2004.11.06 11:19 B F:\Inetpub\wwwroot\MySite\portfolio.php --> laboterm.com /public_html/ZHANNA/MySite portfolio.php
2004.11.06 11:19 B F:\Inetpub\wwwroot\MySite\resume.html --> laboterm.com /public_html/ZHANNA/MySite resume.html
2004.11.06 11:19 B F:\Inetpub\wwwroot\MySite\resume.php --> laboterm.com /public_html/ZHANNA/MySite resume.php
2004.11.06 11:19 B F:\Inetpub\wwwroot\MySite\resume.xml --> laboterm.com /public_html/ZHANNA/MySite resume.xml
2004.11.06 11:19 B F:\Inetpub\wwwroot\MySite\resume.xsl --> laboterm.com /public_html/ZHANNA/MySite resume.xsl
2004.11.06 11:19 B F:\Inetpub\wwwroot\MySite\resume_test.xsl --> laboterm.com /public_html/ZHANNA/MySite resume_test.xsl
2004.11.06 11:19 B F:\Inetpub\wwwroot\MySite\skills.php --> laboterm.com /public_html/ZHANNA/MySite skills.php
2004.11.06 11:19 B F:\Inetpub\wwwroot\MySite\stats.php --> laboterm.com /public_html/ZHANNA/MySite stats.php
2004.11.06 11:19 B F:\Inetpub\wwwroot\MySite\text1.swf --> laboterm.com /public_html/ZHANNA/MySite text1.swf
2004.11.06 11:20 B F:\Inetpub\wwwroot\MySite\index.php --> laboterm.com /public_html/ZHANNA/MySite index.php
2004.11.06 11:26 B F:\Inetpub\wwwroot\MySite\index.php --> laboterm.com /public_html/ZHANNA/MySite index.php
2004.11.06 11:49 B F:\Inetpub\wwwroot\MySite\skills.php --> laboterm.com /public_html/ZHANNA/MySite skills.php
2004.11.06 11:51 B F:\Inetpub\wwwroot\MySite\skills.php --> laboterm.com /public_html/ZHANNA/MySite skills.php
2004.11.22 16:25 B F:\Inetpub\wwwroot\MySite\resume.xml --> laboterm.com /public_html/ZHANNA/MySite resume.xml
2004.11.22 16:25 B F:\Inetpub\wwwroot\MySite\resume.xsl --> laboterm.com /public_html/ZHANNA/MySite resume.xsl
2004.11.22 16:25 B F:\Inetpub\wwwroot\MySite\resume.php --> laboterm.com /public_html/ZHANNA/MySite resume.php
2004.11.22 16:25 B F:\Inetpub\wwwroot\MySite\resume.html --> laboterm.com /public_html/ZHANNA/MySite resume.html
