2004.11.06 11:14 B F:\Inetpub\wwwroot\MySite\images\PSD\applets.psd --> laboterm.com /public_html/ZHANNA/MySite/images/PSD applets.psd
2004.11.06 11:14 B F:\Inetpub\wwwroot\MySite\images\PSD\banner.psd --> laboterm.com /public_html/ZHANNA/MySite/images/PSD banner.psd
2004.11.06 11:14 B F:\Inetpub\wwwroot\MySite\images\PSD\bannerDesign.psd --> laboterm.com /public_html/ZHANNA/MySite/images/PSD bannerDesign.psd
2004.11.06 11:14 B F:\Inetpub\wwwroot\MySite\images\PSD\bg.psd --> laboterm.com /public_html/ZHANNA/MySite/images/PSD bg.psd
2004.11.06 11:14 B F:\Inetpub\wwwroot\MySite\images\PSD\certificates.psd --> laboterm.com /public_html/ZHANNA/MySite/images/PSD certificates.psd
2004.11.06 11:14 B F:\Inetpub\wwwroot\MySite\images\PSD\contact.psd --> laboterm.com /public_html/ZHANNA/MySite/images/PSD contact.psd
2004.11.06 11:14 B F:\Inetpub\wwwroot\MySite\images\PSD\db_driven.psd --> laboterm.com /public_html/ZHANNA/MySite/images/PSD db_driven.psd
2004.11.06 11:14 B F:\Inetpub\wwwroot\MySite\images\PSD\education.psd --> laboterm.com /public_html/ZHANNA/MySite/images/PSD education.psd
2004.11.06 11:15 B F:\Inetpub\wwwroot\MySite\images\PSD\flash.psd --> laboterm.com /public_html/ZHANNA/MySite/images/PSD flash.psd
2004.11.06 11:15 B F:\Inetpub\wwwroot\MySite\images\PSD\globe.psd --> laboterm.com /public_html/ZHANNA/MySite/images/PSD globe.psd
2004.11.06 11:15 B F:\Inetpub\wwwroot\MySite\images\PSD\help.gif --> laboterm.com /public_html/ZHANNA/MySite/images/PSD help.gif
2004.11.06 11:15 B F:\Inetpub\wwwroot\MySite\images\PSD\illustrator.psd --> laboterm.com /public_html/ZHANNA/MySite/images/PSD illustrator.psd
2004.11.06 11:15 B F:\Inetpub\wwwroot\MySite\images\PSD\interests.psd --> laboterm.com /public_html/ZHANNA/MySite/images/PSD interests.psd
2004.11.06 11:15 B F:\Inetpub\wwwroot\MySite\images\PSD\laboterm1.psd --> laboterm.com /public_html/ZHANNA/MySite/images/PSD laboterm1.psd
2004.11.06 11:15 B F:\Inetpub\wwwroot\MySite\images\PSD\logo.psd --> laboterm.com /public_html/ZHANNA/MySite/images/PSD logo.psd
2004.11.06 11:15 B F:\Inetpub\wwwroot\MySite\images\PSD\network.psd --> laboterm.com /public_html/ZHANNA/MySite/images/PSD network.psd
2004.11.06 11:15 B F:\Inetpub\wwwroot\MySite\images\PSD\open_book.psd --> laboterm.com /public_html/ZHANNA/MySite/images/PSD open_book.psd
2004.11.06 11:15 B F:\Inetpub\wwwroot\MySite\images\PSD\photoshop.psd --> laboterm.com /public_html/ZHANNA/MySite/images/PSD photoshop.psd
2004.11.06 11:15 B F:\Inetpub\wwwroot\MySite\images\PSD\portfolio.psd --> laboterm.com /public_html/ZHANNA/MySite/images/PSD portfolio.psd
2004.11.06 11:16 B F:\Inetpub\wwwroot\MySite\images\PSD\skills.psd --> laboterm.com /public_html/ZHANNA/MySite/images/PSD skills.psd
2004.11.06 11:16 B F:\Inetpub\wwwroot\MySite\images\PSD\static.psd --> laboterm.com /public_html/ZHANNA/MySite/images/PSD static.psd
2004.11.06 11:16 B F:\Inetpub\wwwroot\MySite\images\PSD\technicalSkills.psd --> laboterm.com /public_html/ZHANNA/MySite/images/PSD technicalSkills.psd
2004.11.06 11:16 B F:\Inetpub\wwwroot\MySite\images\PSD\Untitled-6.psd --> laboterm.com /public_html/ZHANNA/MySite/images/PSD Untitled-6.psd
2004.11.06 11:16 B F:\Inetpub\wwwroot\MySite\images\PSD\Untitled-7.psd --> laboterm.com /public_html/ZHANNA/MySite/images/PSD Untitled-7.psd
2004.11.06 11:16 B F:\Inetpub\wwwroot\MySite\images\PSD\welcome.psd --> laboterm.com /public_html/ZHANNA/MySite/images/PSD welcome.psd
